[03:22:29] [main/INFO]: Loading Minecraft 1.20.1 with Fabric Loader 0.16.3
[03:22:30] [ForkJoinPool-1-worker-2/WARN]: The mod "dungeons_arise" contains invalid entries in its mod json:
- Unsupported root entry "credits" at line 12 column 12
[03:22:30] [ForkJoinPool-1-worker-1/WARN]: Mod tectonic uses the version 2.4.1b which isn't compatible with Loader's extended semantic version format (Could not parse version number component '1b'!), SemVer is recommended for reliably evaluating dependencies and prioritizing newer version
[03:22:30] [main/INFO]: Dependencies overridden for minecraft, lambdynlights, fabricloader, debugify
[03:22:31] [main/WARN]: Warnings were found!
 - 'Minecraft' (minecraft) 1.20.1 recommends any version after 5.4.1 of Fabulously Optimized, which is missing!
	 - You should install any version after 5.4.1 of Fabulously Optimized for the optimal experience.
[03:22:31] [main/INFO]: Loading 260 mods:
	- achiopt 1.0.1
	- appleskin 2.5.1+mc1.20
	- archers 1.2.5+1.20.1
	   \-- com_github_zsoltmolnarrr_tinyconfig 2.3.2
	- architectury 9.2.14
	- armordamagescale 1.20.1-3.1
	   \-- com_ezylang_evalex 3.0.1
	- asynclocator 1.3.0
	- awesomedungeon 3.2.0
	- awesomedungeonend 3.1.1
	- awesomedungeonnether 3.1.1
	- awesomedungeonocean 3.3.0
	- azurelibarmor 2.0.8
	- bagofholding 8.0.2
	   |-- extensibleenums 7.0.1
	   \-- puzzlesapi 8.1.6
	        \-- puzzlesaccessapi 8.0.9
	- bclib 3.0.14
	   \-- wunderlib 1.1.5
	- bettercombat 1.8.6+1.20.1
	- betterdeserttemples 1.20-Fabric-3.0.3
	   \-- org_reflections_reflections 0.10.2
	- betterdungeons 1.20-Fabric-4.0.4
	- betterend 4.0.11
	- betterendisland 1.20-Fabric-2.0.6
	- betterfortresses 1.20-Fabric-2.0.6
	- betterjungletemples 1.20-Fabric-2.0.5
	- bettermineshafts 1.20-Fabric-4.0.4
	- betternether 9.0.10
	- betteroceanmonuments 1.20-Fabric-3.0.4
	- betterstrongholds 1.20-Fabric-4.0.3
	- bettervillage 3.1.0
	- betterwitchhuts 1.20-Fabric-3.0.3
	- biomemusic 1.20.1-2.5
	- bookshelf 20.2.13
	- bosses_of_mass_destruction 1.7.5-1.20.1
	   |-- maelstrom_library 1.6.1-1.20
	   \-- multipart_entities 1.5-1.20
	- brewinandchewin 3.0.6+1.20.1
	   \-- mm 2.3
	- cardinal-components 5.2.2
	   |-- cardinal-components-base 5.2.2
	   |-- cardinal-components-block 5.2.2
	   |-- cardinal-components-chunk 5.2.2
	   |-- cardinal-components-entity 5.2.2
	   |-- cardinal-components-item 5.2.2
	   |-- cardinal-components-level 5.2.2
	   |-- cardinal-components-scoreboard 5.2.2
	   \-- cardinal-components-world 5.2.2
	- chunky 1.3.146
	- cloth-config 11.1.136
	   \-- cloth-basic-math 0.6.1
	- clumps 12.0.0.4
	- collective 7.84
	- combatroll 1.3.3+1.20.1
	- couplings 1.9.5+1.20
	- creeperoverhaul 3.0.2
	- cristellib 1.1.5
	   \-- blue_endless_jankson 1.2.3
	- cupboard 1.20.1-2.7
	- debugify 1.20.1+2.0
	- dragonfight 1.20.1-4.6
	- duckling 3.0.0
	- dummmmmmy 1.20-2.0.2
	- dungeon_difficulty 2.2.1+1.20.1
	   \-- com_github_zsoltmolnarrr_tinyconfig 2.3.2
	- dungeons_arise 2.1.58
	- dungeons_arise_seven_seas 1.0.2
	- e4mc_minecraft 5.1.0
	   \-- folk_sisby_kaleido-config 0.3.1+1.3.1
	- easyanvils 8.0.2
	- easymagic 8.0.1
	- ecologics 2.2.0
	- emi 1.1.13+1.20.1+fabric
	- emi_enchanting 0.1.2+1.20.1
	- emi_loot 0.7.3+1.20.1+fabric
	- emojiful 4.2.0
	   |-- com_esotericsoftware_yamlbeans_yamlbeans 1.15
	   \-- midnightlib 1.1.0
	- endermanoverhaul 1.0.4
	- endrem 5.2.4
	- expandeddelight 0.3.2
	   |-- mm 2.3
	   \-- omega-config 1.4.0+1.20.1
	- explorify 1.6.2
	- fabric-api 0.92.2+1.20.1
	   |-- fabric-api-base 0.4.31+1802ada577
	   |-- fabric-api-lookup-api-v1 1.6.36+1802ada577
	   |-- fabric-biome-api-v1 13.0.13+1802ada577
	   |-- fabric-block-api-v1 1.0.11+1802ada577
	   |-- fabric-block-view-api-v2 1.0.1+1802ada577
	   |-- fabric-blockrenderlayer-v1 1.1.41+1802ada577
	   |-- fabric-client-tags-api-v1 1.1.2+1802ada577
	   |-- fabric-command-api-v1 1.2.34+f71b366f77
	   |-- fabric-command-api-v2 2.2.13+1802ada577
	   |-- fabric-commands-v0 0.2.51+df3654b377
	   |-- fabric-containers-v0 0.1.64+df3654b377
	   |-- fabric-content-registries-v0 4.0.11+1802ada577
	   |-- fabric-convention-tags-v1 1.5.5+1802ada577
	   |-- fabric-crash-report-info-v1 0.2.19+1802ada577
	   |-- fabric-data-attachment-api-v1 1.0.0+de0fd6d177
	   |-- fabric-data-generation-api-v1 12.3.4+1802ada577
	   |-- fabric-dimensions-v1 2.1.54+1802ada577
	   |-- fabric-entity-events-v1 1.6.0+1c78457f77
	   |-- fabric-events-interaction-v0 0.6.2+1802ada577
	   |-- fabric-events-lifecycle-v0 0.2.63+df3654b377
	   |-- fabric-game-rule-api-v1 1.0.40+1802ada577
	   |-- fabric-item-api-v1 2.1.28+1802ada577
	   |-- fabric-item-group-api-v1 4.0.12+1802ada577
	   |-- fabric-key-binding-api-v1 1.0.37+1802ada577
	   |-- fabric-keybindings-v0 0.2.35+df3654b377
	   |-- fabric-lifecycle-events-v1 2.2.22+1802ada577
	   |-- fabric-loot-api-v2 1.2.1+1802ada577
	   |-- fabric-loot-tables-v1 1.1.45+9e7660c677
	   |-- fabric-message-api-v1 5.1.9+1802ada577
	   |-- fabric-mining-level-api-v1 2.1.50+1802ada577
	   |-- fabric-model-loading-api-v1 1.0.3+1802ada577
	   |-- fabric-models-v0 0.4.2+9386d8a777
	   |-- fabric-networking-api-v1 1.3.11+1802ada577
	   |-- fabric-networking-v0 0.3.51+df3654b377
	   |-- fabric-object-builder-api-v1 11.1.3+1802ada577
	   |-- fabric-particles-v1 1.1.2+1802ada577
	   |-- fabric-recipe-api-v1 1.0.21+1802ada577
	   |-- fabric-registry-sync-v0 2.3.3+1802ada577
	   |-- fabric-renderer-api-v1 3.2.1+1802ada577
	   |-- fabric-renderer-indigo 1.5.2+85287f9f77
	   |-- fabric-renderer-registries-v1 3.2.46+df3654b377
	   |-- fabric-rendering-data-attachment-v1 0.3.37+92a0d36777
	   |-- fabric-rendering-fluids-v1 3.0.28+1802ada577
	   |-- fabric-rendering-v0 1.1.49+df3654b377
	   |-- fabric-rendering-v1 3.0.8+1802ada577
	   |-- fabric-resource-conditions-api-v1 2.3.8+1802ada577
	   |-- fabric-resource-loader-v0 0.11.10+1802ada577
	   |-- fabric-screen-api-v1 2.0.8+1802ada577
	   |-- fabric-screen-handler-api-v1 1.3.30+1802ada577
	   |-- fabric-sound-api-v1 1.0.13+1802ada577
	   |-- fabric-transfer-api-v1 3.3.5+8dd72ea377
	   \-- fabric-transitive-access-wideners-v1 4.3.1+1802ada577
	- fabric-language-kotlin 1.12.2+kotlin.2.0.20
	   |-- org_jetbrains_kotlin_kotlin-reflect 2.0.20
	   |-- org_jetbrains_kotlin_kotlin-stdlib 2.0.20
	   |-- org_jetbrains_kotlin_kotlin-stdlib-jdk7 2.0.20
	   |-- org_jetbrains_kotlin_kotlin-stdlib-jdk8 2.0.20
	   |-- org_jetbrains_kotlinx_atomicfu-jvm 0.25.0
	   |-- org_jetbrains_kotlinx_kotlinx-coroutines-core-jvm 1.9.0
	   |-- org_jetbrains_kotlinx_kotlinx-coroutines-jdk8 1.9.0
	   |-- org_jetbrains_kotlinx_kotlinx-datetime-jvm 0.6.1
	   |-- org_jetbrains_kotlinx_kotlinx-io-bytestring-jvm 0.5.4
	   |-- org_jetbrains_kotlinx_kotlinx-io-core-jvm 0.5.4
	   |-- org_jetbrains_kotlinx_kotlinx-serialization-cbor-jvm 1.7.2
	   |-- org_jetbrains_kotlinx_kotlinx-serialization-core-jvm 1.7.2
	   \-- org_jetbrains_kotlinx_kotlinx-serialization-json-jvm 1.7.2
	- fabricloader 0.16.3
	   \-- mixinextras 0.4.1
	- fallingtree 4.3.4
	- farmersdelight 1.20.1-2.1.6+refabricated
	   |-- mm 2.3
	   |-- porting_lib_accessors 2.3.4+1.20.1
	   |    \-- porting_lib_core 2.3.4+1.20.1
	   |-- porting_lib_base 2.3.4+1.20.1
	   |    |-- porting_lib_attributes 2.3.4+1.20.1
	   |    |-- porting_lib_common 2.3.4+1.20.1
	   |    |-- porting_lib_core 2.3.4+1.20.1
	   |    |-- porting_lib_entity 2.3.4+1.20.1
	   |    |-- porting_lib_extensions 2.3.4+1.20.1
	   |    |-- porting_lib_fluids 2.3.4+1.20.1
	   |    |-- porting_lib_mixin_extensions 2.3.4+1.20.1
	   |    |-- porting_lib_transfer 2.3.4+1.20.1
	   |    |-- porting_lib_utility 2.3.4+1.20.1
	   |    \-- reach-entity-attributes 2.4.0
	   |-- porting_lib_config 2.3.4+1.20.1
	   |    \-- porting_lib_core 2.3.4+1.20.1
	   |-- porting_lib_lazy_registration 2.3.4+1.20.1
	   |    \-- porting_lib_core 2.3.4+1.20.1
	   |-- porting_lib_loot 2.3.4+1.20.1
	   |    \-- porting_lib_core 2.3.4+1.20.1
	   |-- porting_lib_networking 2.3.4+1.20.1
	   |    \-- porting_lib_core 2.3.4+1.20.1
	   |-- porting_lib_recipe_book_categories 2.3.4+1.20.1
	   |    \-- porting_lib_core 2.3.4+1.20.1
	   |-- porting_lib_tags 3.0
	   |    \-- porting_lib_core 2.3.4+1.20.1
	   \-- porting_lib_tool_actions 2.3.4+1.20.1
	        \-- porting_lib_core 2.3.4+1.20.1
	- ferritecore 6.0.1
	- festive_delight 1.0.0
	- forgeconfigapiport 8.0.0
	- friendlyfire 18.0.7
	- fwaystones 3.3.2+mc1.20.1
	- fzzy_config 0.4.3+1.20.1
	   |-- fabric-permissions-api-v0 0.3.1
	   \-- net_peanuuutz_tomlkt_tomlkt-jvm 0.3.7
	- gazebo 1.1.1+1.20.1
	   \-- com_github_zsoltmolnarrr_tinyconfig 2.3.2
	- geckolib 4.4.9
	   \-- com_eliotlash_mclib_mclib 20
	- graveyard 3.0
	- iceberg 1.1.18
	- illagerinvasion 8.0.6
	   \-- extensibleenums 7.0.1
	- jade 11.11.0+fabric
	- jadeaddons 5.3.1+fabric
	- java 17
	- jewelry 1.3.7+1.20.1
	   \-- com_github_zsoltmolnarrr_tinyconfig 2.3.2
	- kiwi 11.6.2
	- konkrete 1.8.1
	- libertyvillagers 1.0.15.1+fabric+1.20.1
	   \-- server_translations_api 2.0.0+1.20
	        \-- packet_tweaker 0.4.0+1.19.4
	- libraryferret 4.0.0
	- lithium 0.11.2
	- lithostitched 1.3.0
	- melody 1.0.3
	- memoryleakfix 1.1.2
	- mes 1.3.1-1.20-fabric
	- minecells 1.8.5
	   \-- gimm1q 0.6.1+1.20.1
	- minecraft 1.20.1
	- mixintrace 1.1.1+1.17
	- mns 1.0.1-1.20-fabric
	- modernfix 5.19.4+mc1.20.1
	- moonlight 1.20-2.13.0
	- mr_remove_terralithintromessage 1.0
	- naturalist 4.0.3
	- no-shield-delay 1.0.1
	   |-- com_electronwill_night-config_core 3.8.1
	   \-- com_electronwill_night-config_toml 3.8.1
	- nochatreports 1.20.1-v2.2.2
	   |-- fabric-rendering-v1 3.0.6+b3afc78b82
	   \-- fabric-screen-api-v1 2.0.6+b3afc78b82
	- owo 0.11.2+1.20
	- paladins 1.3.1+1.20.1
	   \-- com_github_zsoltmolnarrr_tinyconfig 2.3.2
	- passablefoliage 1.20.1-fabric-8.2.1
	- paxi 1.20-Fabric-4.0
	- philipsruins 1.20.1
	- player-animator 1.0.2-rc1+1.20
	- puzzleslib 8.1.23
	- ranged_weapon_api 1.1.4+1.20.1
	- redirector 1.20.1-4.4.0
	- resourcefulconfig 2.1.2
	- resourcefullib 2.1.29
	   |-- com_teamresourceful_bytecodecs 1.0.2
	   \-- com_teamresourceful_yabn 1.0.3
	- rogues 1.1.0+1.20.1
	   \-- com_github_zsoltmolnarrr_tinyconfig 2.3.2
	- runes 0.9.13+1.20.1
	- shield_api 1.0.1+1.20.1
	- smarterfarmers 1.20-2.1.0
	- smwyg 1.1.1
	- spark 1.10.53
	- spell_engine 0.15.11+1.20.1
	   \-- com_github_zsoltmolnarrr_tinyconfig 2.3.2
	- spell_power 0.12.0+1.20.1
	   \-- com_github_zsoltmolnarrr_tinyconfig 2.3.2
	- starterkit 7.1
	- structory 1.3.5
	- structory_towers 1.0.7
	- structure_pool_api 1.0+1.20.1
	- structureessentials 1.20.1-3.4
	- supplementaries 1.20-2.8.17
	   \-- mixinsquared 0.1.1
	- t_and_t 1.12
	- tectonic 2.4.1b
	- terralith 2.5.4
	- trinkets 3.7.2
	- variablespawnerhardness 1.20.1-1.2.2
	- villagernames 4.5.2
	- villagersplus 3.1
	- villagespawnpoint 4.4
	- waveycapes 1.4.9
	- wits 1.1.0+1.20.1-fabric
	- wizards 1.3.0+1.20.1
	   \-- com_github_zsoltmolnarrr_tinyconfig 2.3.2
	- xaerominimap 24.4.0
	- xaeroworldmap 1.39.0
	- yet_another_config_lib_v3 3.5.0+1.20.1-fabric
	   |-- com_twelvemonkeys_common_common-image 3.10.0
	   |-- com_twelvemonkeys_common_common-io 3.10.0
	   |-- com_twelvemonkeys_common_common-lang 3.10.0
	   |-- com_twelvemonkeys_imageio_imageio-core 3.10.0
	   |-- com_twelvemonkeys_imageio_imageio-metadata 3.10.0
	   |-- com_twelvemonkeys_imageio_imageio-webp 3.10.0
	   |-- org_quiltmc_parsers_gson 0.2.1
	   \-- org_quiltmc_parsers_json 0.2.1
	- yigd 2.0.6
	   \-- libgui 8.1.1+1.20.1
	        |-- jankson 6.0.0+j1.2.3
	        \-- libninepatch 1.2.0
	- yosbr 0.1.2
	- yungsapi 1.20-Fabric-4.0.5
	   \-- org_javassist_javassist 3.29.2-GA
	- yungsbridges 1.20-Fabric-4.0.3
[03:22:31] [main/INFO]: Applying default options... (YOSBR)
[03:22:31] [main/INFO]: SpongePowered MIXIN Subsystem Version=0.8.7 Source=file:/workspaces/asdasd/servidor_minecraft/libraries/net/fabricmc/sponge-mixin/0.15.2+mixin.0.8.7/sponge-mixin-0.15.2+mixin.0.8.7.jar Service=Knot/Fabric Env=SERVER
[03:22:31] [main/INFO]: Compatibility level set to JAVA_17
[03:22:32] [main/INFO]: Preloading Debugify
[03:22:32] [main/WARN]: Reference map 'gazebo-refmap.json' for gazebo.mixins.json could not be read. If this is a development environment you can ignore this message
[03:22:32] [main/WARN]: Reference map 'graveyard-FABRIC-fabric-refmap.json' for graveyard-fabric.mixins.json could not be read. If this is a development environment you can ignore this message
[03:22:32] [main/INFO]: Loaded configuration file for Lithium: 115 options available, 1 override(s) found
[03:22:32] [main/INFO]: Loaded configuration file for ModernFix 5.19.4+mc1.20.1: 61 options available, 1 override(s) found
[03:22:32] [main/WARN]: Option 'mixin.perf.dynamic_resources' overriden (by user configuration) to 'true'
[03:22:32] [main/INFO]: Applying Nashorn fix
[03:22:32] [main/WARN]: Reference map 'philipsruins-refmap.json' for philipsruins.mixins.json could not be read. If this is a development environment you can ignore this message
[03:22:32] [main/WARN]: Reference map 'starterkit_fabric.refmap.json' for starterkit_fabric.mixins.json could not be read. If this is a development environment you can ignore this message
[03:22:32] [main/WARN]: Reference map 'wits-common-refmap.json' for wits-common.mixins.json could not be read. If this is a development environment you can ignore this message
[03:22:33] [main/WARN]: Error loading class: net/minecraft/class_906 (java.lang.ClassNotFoundException: net/minecraft/class_906)
[03:22:33] [main/WARN]: @Mixin target net.minecraft.class_906 was not found porting_lib_tool_actions.mixins.json:FishingHookRendererMixin from mod porting_lib_tool_actions
[03:22:34] [main/WARN]: Error loading class: net/minecraft/class_5272 (java.lang.ClassNotFoundException: net/minecraft/class_5272)
[03:22:34] [main/WARN]: @Mixin target net.minecraft.class_5272 was not found libertyvillagers.mixins.json:ModelPredicateProviderRegistryMixin from mod libertyvillagers
[03:22:34] [main/WARN]: Force-disabling mixin 'alloc.blockstate.StateMixin' as rule 'mixin.alloc.blockstate' (added by mods [ferritecore]) disables it and children
[03:22:34] [main/WARN]: Error loading class: net/minecraft/class_337$1 (java.lang.ClassNotFoundException: net/minecraft/class_337$1)
[03:22:34] [main/WARN]: @Mixin target net/minecraft/class_337$1 was not found minecells.mixins.json:client.hud.BossBarUpdaterMixin from mod minecells
[03:22:34] [main/WARN]: Error loading class: fr/catcore/server/translations/api/resource/language/SystemDelegatedLanguage (java.lang.ClassNotFoundException: fr/catcore/server/translations/api/resource/language/SystemDelegatedLanguage)
[03:22:34] [main/INFO]: Loaded config for: structureessentials.json
[03:22:35] [main/WARN]: Error loading class: com/beansgalaxy/backpacks/compat/TrinketsRegistry$1 (java.lang.ClassNotFoundException: com/beansgalaxy/backpacks/compat/TrinketsRegistry$1)
[03:22:35] [main/WARN]: Error loading class: com/tiviacz/travelersbackpack/compat/trinkets/TravelersBackpackTrinket (java.lang.ClassNotFoundException: com/tiviacz/travelersbackpack/compat/trinkets/TravelersBackpackTrinket)
[03:22:35] [main/INFO]: [MemoryLeakFix] Will be applying 1 memory leak fixes!
[03:22:35] [main/INFO]: [MemoryLeakFix] Currently enabled memory leak fixes: [biomeTemperatureLeak]
[03:22:35] [main/WARN]: Error loading class: org/jetbrains/annotations/ApiStatus$Internal (java.lang.ClassNotFoundException: org/jetbrains/annotations/ApiStatus$Internal)
[03:22:35] [main/WARN]: Error loading class: net/minecraft/class_314 (java.lang.ClassNotFoundException: net/minecraft/class_314)
[03:22:35] [main/WARN]: @Mixin target net.minecraft.class_314 was not found mixins.mm.json:net.minecraft.class_314 from mod mm
[03:22:35] [main/INFO]: Initializing MixinExtras via com.llamalad7.mixinextras.service.MixinExtrasServiceImpl(version=0.4.1).
[03:22:36] [main/INFO]: Mixing common.MixinFriendlyByteBuf from mixins/common/nochatreports.mixins.json into net.minecraft.class_2540
[03:22:36] [main/INFO]: Renaming synthetic method lambda$onWriteJsonWithCodec$1(Ljava/lang/Object;Ljava/lang/String;)Lio/netty/handler/codec/EncoderException; to mde230e0$nochatreports$lambda$onWriteJsonWithCodec$1$0 in mixins/common/nochatreports.mixins.json:common.MixinFriendlyByteBuf from mod nochatreports
[03:22:36] [main/INFO]: Renaming synthetic method lambda$onReadJsonWithCodec$0(Ljava/lang/String;)Lio/netty/handler/codec/DecoderException; to mde230e0$nochatreports$lambda$onReadJsonWithCodec$0$1 in mixins/common/nochatreports.mixins.json:common.MixinFriendlyByteBuf from mod nochatreports
[03:22:39] [main/WARN]: @Inject(@At("INVOKE")) Shift.BY=2 on porting_lib_entity.mixins.json:common.LivingEntityMixin from mod porting_lib_entity::handler$dgo000$porting_lib_entity$port_lib$onFinishUsing exceeds the maximum allowed value: 0. Increase the value of maxShiftBy to suppress this warning.
[03:22:40] [main/INFO]: Injecting BlockStateBase cache population hook into getNeighborPathNodeType from me.jellysquid.mods.lithium.mixin.ai.pathing.AbstractBlockStateMixin
[03:22:40] [main/INFO]: Injecting BlockStateBase cache population hook into getPathNodeType from me.jellysquid.mods.lithium.mixin.ai.pathing.AbstractBlockStateMixin
[03:22:40] [main/INFO]: Injecting BlockStateBase cache population hook into getAllFlags from me.jellysquid.mods.lithium.mixin.util.block_tracking.AbstractBlockStateMixin
[03:22:40] [main/WARN]: @Redirect conflict. Skipping redirector.mixins.json:net.minecraft.world.level.block.piston.PistonBaseBlockMixin from mod redirector->@Redirect::redirectDirections()[Lnet/minecraft/class_2350; with priority 10, already redirected by lithium.mixins.json:alloc.enum_values.piston_block.PistonBlockMixin from mod lithium->@Redirect::removeAllocation()[Lnet/minecraft/class_2350; with priority 1000
[03:22:40] [main/WARN]: @Redirect conflict. Skipping redirector.mixins.json:net.minecraft.world.level.block.piston.PistonBaseBlockMixin from mod redirector->@Redirect::redirectDirections()[Lnet/minecraft/class_2350; with priority 10, already redirected by lithium.mixins.json:alloc.enum_values.piston_block.PistonBlockMixin from mod lithium->@Redirect::removeAllocation()[Lnet/minecraft/class_2350; with priority 1000
[03:22:40] [main/WARN]: @Redirect conflict. Skipping redirector.mixins.json:net.minecraft.world.level.block.RedStoneWireBlockMixin from mod redirector->@Redirect::redirectDirections()[Lnet/minecraft/class_2350; with priority 10, already redirected by lithium.mixins.json:alloc.enum_values.redstone_wire.RedstoneWireBlockMixin from mod lithium->@Redirect::removeAllocation1()[Lnet/minecraft/class_2350; with priority 1000
[03:22:40] [main/WARN]: @Redirect conflict. Skipping redirector.mixins.json:net.minecraft.world.level.block.RedStoneWireBlockMixin from mod redirector->@Redirect::redirectDirections()[Lnet/minecraft/class_2350; with priority 10, already redirected by lithium.mixins.json:alloc.enum_values.redstone_wire.RedstoneWireBlockMixin from mod lithium->@Redirect::removeAllocation2()[Lnet/minecraft/class_2350; with priority 1000
[03:22:41] [main/WARN]: Method overwrite conflict for itemStack in spell_engine.mixins.json:ItemStackMixin from mod spell_engine, previously written by net.dungeon_difficulty.mixin.ItemStackMixin. Skipping method.
[03:22:44] [main/INFO]: Mixing server.MixinServerGamePacketListenerImpl from mixins/common/nochatreports.mixins.json into net.minecraft.class_3244
[03:22:45] [main/WARN]: Method overwrite conflict for method_21740 in modernfix-common.mixins.json:perf.remove_biome_temperature_cache.BiomeMixin from mod modernfix, previously written by me.jellysquid.mods.lithium.mixin.world.temperature_cache.BiomeMixin. Skipping method.
[03:22:46] [main/INFO]: Vanilla bootstrap took 10158 milliseconds
[03:22:46] [main/INFO]: [bclib] Added Config betternether.main to auto sync (file hash)
[03:22:46] [main/INFO]: [bclib] Added Config betternether.generator to auto sync (file hash)
[03:22:46] [main/INFO]: [bclib] Added Config betternether.blocks to auto sync (file hash)
[03:22:46] [main/INFO]: [bclib] Added Config betternether.items to auto sync (file hash)
[03:22:46] [main/INFO]: [bclib] Added Config betternether.biomes to auto sync (file hash)
[03:22:46] [main/INFO]: [bclib] Added Config betternether.mobs to auto sync (file hash)
[03:22:46] [main/INFO]: [bclib] Added Config betternether.recipes to auto sync (file hash)
[03:22:47] [main/WARN]: [bclib] Recipe betternether:bone_block_bone_button only takes in a single item and should be shapeless
[03:22:48] [main/INFO]: Loaded config for: armordamagescale.json
[03:22:48] [main/INFO]: armordamagescale mod initialized
[03:22:48] [main/INFO]: Async Locator -> Config file found
[03:22:48] [main/INFO]: Async Locator -> Configs:
Locator Threads: 1
Remove Offer: false
Dolphin Treasure Enabled: true
Eye Of Ender Enabled: true
Exploration Map Enabled: true
Locate Command Enabled: true
Villager Trade Enabled: true
[03:22:48] [main/INFO]: Constructing common components for bagofholding:main
[03:22:48] [main/INFO]: Loading common config for bagofholding
[03:22:48] [main/INFO]: [bclib] Added Config bclib.generator to auto sync (file hash)
[03:22:48] [main/INFO]: [bclib] Added Config bclib.main to auto sync (content diff)
[03:22:48] [main/INFO]: [bclib] Added Config bclib.biomes to auto sync (file hash)
[03:22:49] [main/INFO]: Reflections took 63 ms to scan 1 urls, producing 1 keys and 2 values
[03:22:49] [main/INFO]: Reflections took 6 ms to scan 1 urls, producing 1 keys and 2 values
[03:22:49] [main/INFO]: Reflections took 3 ms to scan 1 urls, producing 1 keys and 3 values
[03:22:49] [main/INFO]: Reflections took 4 ms to scan 1 urls, producing 1 keys and 3 values
[03:22:49] [pool-2-thread-1/INFO]: Reloading common config for bagofholding
[03:22:49] [main/INFO]: [bclib] Added Config betterend.entities to auto sync (file hash)
[03:22:49] [main/INFO]: [bclib] Added Config betterend.blocks to auto sync (file hash)
[03:22:49] [main/INFO]: [bclib] Added Config betterend.items to auto sync (file hash)
[03:22:49] [main/INFO]: [bclib] Added Config betterend.biomes to auto sync (file hash)
[03:22:49] [main/INFO]: [bclib] Added Config betterend.recipes to auto sync (file hash)
[03:22:49] [main/INFO]: [bclib] Added Config betterend.enchantments to auto sync (file hash)
[03:22:50] [main/INFO]: Reflections took 2 ms to scan 1 urls, producing 1 keys and 2 values
[03:22:50] [main/INFO]: Reflections took 0 ms to scan 1 urls, producing 1 keys and 2 values
[03:22:50] [main/INFO]: Reflections took 5 ms to scan 1 urls, producing 1 keys and 1 values
[03:22:50] [main/INFO]: Reflections took 4 ms to scan 1 urls, producing 1 keys and 1 values
[03:22:50] [main/INFO]: Reflections took 2 ms to scan 1 urls, producing 1 keys and 3 values
[03:22:50] [main/INFO]: Reflections took 2 ms to scan 1 urls, producing 1 keys and 3 values
[03:22:50] [main/INFO]: Reflections took 2 ms to scan 1 urls, producing 1 keys and 2 values
[03:22:50] [main/INFO]: Reflections took 1 ms to scan 1 urls, producing 1 keys and 2 values
[03:22:50] [main/INFO]: [betternether] =^..^=    BetterNether for 1.20    =^..^=
[03:22:50] [main/WARN]: @Redirect conflict. Skipping redirector.mixins.json:net.minecraft.world.level.block.state.CacheMixin from mod redirector->@Redirect::redirectSupportTypes()[Lnet/minecraft/class_5431; with priority 10, already redirected by modernfix-common.mixins.json:perf.cache_blockstate_cache_arrays.AbstractBlockStateCacheMixin from mod modernfix->@Redirect::getVoxelShapeValues()[Lnet/minecraft/class_5431; with priority 1000
[03:22:50] [main/INFO]: Reflections took 1 ms to scan 1 urls, producing 1 keys and 1 values
[03:22:50] [main/INFO]: Reflections took 1 ms to scan 1 urls, producing 1 keys and 1 values
[03:22:50] [main/INFO]: Reflections took 4 ms to scan 1 urls, producing 1 keys and 2 values
[03:22:50] [main/INFO]: Reflections took 1 ms to scan 1 urls, producing 1 keys and 2 values
[03:22:50] [main/INFO]: Reflections took 2 ms to scan 1 urls, producing 1 keys and 1 values
[03:22:50] [main/INFO]: Reflections took 3 ms to scan 1 urls, producing 1 keys and 1 values
[03:22:50] [main/INFO]: biomemusic mod initialized
[03:22:51] [main/INFO]: Fixing MC-151457. Crafting remainder for minecraft:pufferfish_bucket is now minecraft:bucket.
[03:22:51] [main/INFO]: Fixing MC-151457. Crafting remainder for minecraft:salmon_bucket is now minecraft:bucket.
[03:22:51] [main/INFO]: Fixing MC-151457. Crafting remainder for minecraft:cod_bucket is now minecraft:bucket.
[03:22:51] [main/INFO]: Fixing MC-151457. Crafting remainder for minecraft:tropical_fish_bucket is now minecraft:bucket.
[03:22:51] [main/INFO]: Fixing MC-151457. Crafting remainder for minecraft:axolotl_bucket is now minecraft:bucket.
[03:22:51] [main/INFO]: Fixing MC-151457. Crafting remainder for minecraft:powder_snow_bucket is now minecraft:bucket.
[03:22:51] [main/INFO]: Fixing MC-151457. Crafting remainder for minecraft:tadpole_bucket is now minecraft:bucket.
[03:22:51] [main/INFO]: Loading Collective version 7.84.
[03:22:51] [main/INFO]: Loaded config for: cupboard.json
[03:22:51] [main/INFO]: Saving config because the loaded bug fixes are different to stored json.
[03:22:51] [main/INFO]: Saving Debugify
[03:22:51] [main/INFO]: Enabled 2 bug fixes: [MC-89146, MC-199467]
[03:22:51] [main/INFO]: Successfully Debugify'd your game!
[03:22:51] [main/INFO]: Loaded config dummmmmmy-common.json
[03:22:51] [main/WARN]: Lithium detected. MmmMmmMmmMmm scarecrow mode has been disabled as lithium doesnt have a way to add goals to new entities
[03:22:51] [main/INFO]: Hello Fabric world!
[03:22:51] [main/INFO]: Constructing common components for easyanvils:main
[03:22:51] [main/INFO]: Constructing common components for easymagic:main
[03:22:53] [main/INFO]: Initializing FestiveDelightMod
[03:22:53] [main/INFO]: Loaded config file.
[03:22:53] [main/INFO]: Saved config file.
[03:22:53] [main/INFO]: Is initializing.
[03:22:53] [main/INFO]: Has successfully been initialized.
[03:22:53] [main/INFO]: Initializing Gimm1q - Mim1q's Fabric modding library!
[03:22:54] [main/INFO]: Registered JSON trade offer adapter.
[03:22:54] [main/INFO]: Constructing common components for illagerinvasion:main
[03:22:54] [main/INFO]: Processing 4 KiwiModule annotations
[03:22:54] [main/INFO]: Module [kiwi:contributors] initialized
[03:22:54] [main/INFO]: Module [passablefoliage:core] initialized
[03:22:54] [main/INFO]: Module [kiwi:data] initialized
[03:22:54] [main/INFO]: 		recipe_serializer: 3
[03:22:54] [main/INFO]: Module [passablefoliage:enchantment] initialized
[03:22:54] [main/INFO]: 		enchantment: 1
[03:22:54] [main/INFO]: [KONKRETE] Successfully initialized!
[03:22:54] [main/INFO]: [KONKRETE] Server-side libs ready to use!
[03:22:54] [main/INFO]: Initialize mod Library Ferret
[03:22:54] [main/INFO]: Initialized mod Library Ferret
[03:22:54] [main/INFO]: [MELODY] Disabling Melody since it's loaded server-side.
[03:22:55] [main/INFO]: Definitely not up to no good
[03:22:55] [main/INFO]: Reading config file for no-shield-delay
[03:22:55] [main/INFO]: Enabled: true, Raise Time: 0
[03:22:55] [main/INFO]: Finished Initializing no-shield-delay
[03:22:55] [main/INFO]: KONNICHIWA ZA WARUDO!
[03:22:55] [main/INFO]: Default JVM text encoding is: UTF-8
[03:22:55] [main/INFO]: Reading config file NoChatReports/NCR-Common.json...
[03:22:55] [main/INFO]: Writing config file NoChatReports/NCR-Common.json...
[03:22:55] [main/INFO]: Maybe we take a page out of the Wisp Forest handbook: When in doubt, steal glisco's code
[03:22:55] [main/INFO]: Constructing common components for puzzlesapi:iteminteractions
[03:22:55] [main/INFO]: Constructing common components for puzzlesapi:slotcycling
[03:22:55] [main/INFO]: Constructing common components for puzzlesapi:limitlesscontainers
[03:22:55] [main/INFO]: Constructing common components for puzzlesapi:statues
[03:22:55] [main/INFO]: Constructing common components for puzzleslib:main
[03:22:56] [main/INFO]: Shield API initialized!
[03:22:56] [main/INFO]: structureessentials mod initialized
[03:22:56] [main/INFO]: Loaded config supplementaries-common.json
[03:22:57] [main/INFO]: VariableSpawnerHardness loading
[03:22:57] [main/INFO]: Registered JSON trade offer adapter.
[03:22:57] [main/INFO]: Reflections took 5 ms to scan 1 urls, producing 1 keys and 4 values
[03:22:57] [main/INFO]: Reflections took 3 ms to scan 1 urls, producing 1 keys and 4 values
[03:22:57] [main/INFO]: Reflections took 4 ms to scan 1 urls, producing 1 keys and 2 values
[03:22:57] [main/INFO]: Reflections took 1 ms to scan 1 urls, producing 1 keys and 2 values
[03:22:57] [main/INFO]: Initialized block sets in 46ms
[03:22:57] [main/INFO]: Loaded config smarterfarmers-common.json
[03:22:58] [main/INFO]: Initialized color sets in 130ms
[03:22:58] [main/INFO]: Finished mod setup in: [0, 0, 0, 2, 0, 0, 16, 9, 1] ms
[03:22:58] [main/INFO]: Loading Xaero's Minimap - Stage 1/2 (Server)
[03:22:58] [main/INFO]: Loading Xaero's World Map - Stage 1/2 (Server)
[03:22:58] [main/INFO]: Environment: authHost='https://authserver.mojang.com', accountsHost='https://api.mojang.com', sessionHost='https://sessionserver.mojang.com', servicesHost='https://api.minecraftservices.com', name='PROD'
[03:22:58] [main/INFO]: Bypassed Mojang DFU
[03:22:58] [main/INFO]: [DataFixerAPI] Applying Patch{betternether:5.3.5:21020677}
[03:22:58] [main/INFO]: [DataFixerAPI] Applying Patch{betternether:8.2.2:33587202}
[03:22:58] [main/INFO]: [DataFixerAPI] Applying Patch{betternether:9.0.1:37748737}
[03:22:58] [main/INFO]: [DataFixerAPI] Applying Patch{bclib:3.0.11:12582923}
[03:22:58] [main/INFO]: [bclib] Running Pre Patchers on ./world/.
[03:22:58] [main/WARN]: [bclib] Applying Fixes on Level
[03:22:58] [main/INFO]: [bclib] Patcher Stage... Reading Data%
[03:22:58] [main/INFO]: [bclib] Patcher Stage... Fixing Players%
[03:22:58] [main/INFO]: [bclib] Patcher Stage... Applying Patches to level.dat%
[03:22:58] [main/INFO]: [DataFixerAPI] Inspecting level.dat in ./world/.
[03:22:58] [main/INFO]: [bclib] Patcher Stage... Patching Custom World-Data%
[03:22:58] [main/INFO]: [bclib] Patcher Stage... Repairing all Regions%
[03:22:58] [main/INFO]: [DataFixerAPI] Inspecting ./world/./poi/r.0.-1.mca
[03:22:58] [ForkJoinPool.commonPool-worker-1/INFO]: [DataFixerAPI] Inspecting ./world/./region/r.-1.-1.mca
[03:22:58] [main/INFO]: [DataFixerAPI] Inspecting ./world/./poi/r.-1.-1.mca
[03:22:58] [main/INFO]: [DataFixerAPI] Inspecting ./world/./entities/r.0.0.mca
[03:22:58] [main/INFO]: [DataFixerAPI] Inspecting ./world/./entities/r.-1.0.mca
[03:22:58] [main/INFO]: [DataFixerAPI] Inspecting ./world/./entities/r.0.-1.mca
[03:22:58] [main/INFO]: [DataFixerAPI] Inspecting ./world/./entities/r.-1.-1.mca
[03:22:58] [main/INFO]: [DataFixerAPI] Inspecting ./world/./region/r.0.0.mca
[03:22:59] [ForkJoinPool.commonPool-worker-1/INFO]: [DataFixerAPI] Inspecting ./world/./poi/r.0.0.mca
[03:22:59] [ForkJoinPool.commonPool-worker-1/INFO]: [DataFixerAPI] Inspecting ./world/./poi/r.-1.0.mca
[03:22:59] [main/INFO]: [DataFixerAPI] Inspecting ./world/./region/r.-1.0.mca
[03:22:59] [main/INFO]: [DataFixerAPI] Inspecting ./world/./region/r.0.-1.mca
[03:22:59] [main/INFO]: [bclib] Patching... 93%
[03:22:59] [main/INFO]: [bclib] Patcher Stage... Saving Patch State%
[03:22:59] [main/INFO]: [DataFixerAPI] Updating Patch-Level for 'betternether' from 0.0.0 to 9.0.1
[03:22:59] [main/INFO]: [DataFixerAPI] Updating Patch-Level for 'bclib' from 0.0.0 to 3.0.11
[03:22:59] [main/INFO]: Generated runtime SERVER_DATA for pack Supplementaries Generated Pack (supplementaries) in: 33 ms
[03:23:00] [main/INFO]: [bclib] Did not manage biome betterend:empty_aurora_cave
[03:23:00] [main/INFO]: [bclib] Did not manage biome betterend:empty_end_cave
[03:23:00] [main/INFO]: [bclib] Did not manage biome betterend:empty_smaragdant_cave
[03:23:00] [main/INFO]: [bclib] Did not manage biome betterend:jade_cave
[03:23:00] [main/INFO]: [bclib] Did not manage biome betterend:lush_aurora_cave
[03:23:00] [main/INFO]: [bclib] Did not manage biome betterend:lush_smaragdant_cave
[03:23:00] [main/INFO]: [bclib] Did not manage biome betterend:megalake_grove
[03:23:00] [main/INFO]: [bclib] Did not manage biome betterend:neon_oasis
[03:23:00] [main/INFO]: [bclib] Did not manage biome betterend:painted_mountains
[03:23:01] [main/INFO]: Structure placement for `awesomedungeon:abandoned_oak_palace/start_pool`: { spacing: 50, separation: 25, salt: 1694767080, useValueFromConfiguration: true}
[03:23:01] [main/INFO]: Structure placement for `awesomedungeonend:aws_all_end_structures/start_pool`: { spacing: 20, separation: 15, salt: 49082056, useValueFromConfiguration: true}
[03:23:01] [main/INFO]: Structure placement for `awesomedungeon:better_default_jungle_temple/start_pool`: { spacing: 50, separation: 25, salt: 1654787080, useValueFromConfiguration: true}
[03:23:01] [main/INFO]: Structure placement for `awesomedungeonocean:brigantine/start_pool`: { spacing: 25, separation: 10, salt: 294215156, useValueFromConfiguration: true}
[03:23:01] [main/INFO]: Structure placement for `awesomedungeon:desert_temple_husk/start_pool`: { spacing: 50, separation: 25, salt: 1394767080, useValueFromConfiguration: true}
[03:23:01] [main/INFO]: Structure placement for `awesomedungeonocean:frigate_large/start_pool`: { spacing: 25, separation: 10, salt: 354415156, useValueFromConfiguration: true}
[03:23:01] [main/INFO]: Structure placement for `awesomedungeonocean:frigate_medium/start_pool`: { spacing: 25, separation: 10, salt: 474155156, useValueFromConfiguration: true}
[03:23:01] [main/INFO]: Structure placement for `awesomedungeon:jungle_giant_tree/start_pool`: { spacing: 50, separation: 25, salt: 1494763380, useValueFromConfiguration: true}
[03:23:01] [main/INFO]: Structure placement for `awesomedungeon:mushroom_abandonned/start_pool`: { spacing: 50, separation: 25, salt: 1494227080, useValueFromConfiguration: true}
[03:23:01] [main/INFO]: Structure placement for `awesomedungeonnether:nth_absi_palace/start_pool`: { spacing: 50, separation: 25, salt: 19482856, useValueFromConfiguration: true}
[03:23:01] [main/INFO]: Structure placement for `awesomedungeonnether:nth_accum_quad/start_pool`: { spacing: 50, separation: 25, salt: 28482856, useValueFromConfiguration: true}
[03:23:01] [main/INFO]: Structure placement for `awesomedungeonnether:nth_blaze_tower/start_pool`: { spacing: 50, separation: 25, salt: 37482856, useValueFromConfiguration: true}
[03:23:01] [main/INFO]: Structure placement for `awesomedungeonnether:nth_center_square/start_pool`: { spacing: 50, separation: 25, salt: 46482856, useValueFromConfiguration: true}
[03:23:01] [main/INFO]: Structure placement for `awesomedungeonnether:nth_giant_crimson_tree/start_pool`: { spacing: 50, separation: 25, salt: 55482856, useValueFromConfiguration: true}
[03:23:01] [main/INFO]: Structure placement for `awesomedungeonnether:nth_obsi_house/start_pool`: { spacing: 50, separation: 25, salt: 64482856, useValueFromConfiguration: true}
[03:23:01] [main/INFO]: Structure placement for `awesomedungeonocean:ocean_cage/start_pool`: { spacing: 25, separation: 10, salt: 40842806, useValueFromConfiguration: true}
[03:23:01] [main/INFO]: Structure placement for `awesomedungeonocean:ocean_quad/start_pool`: { spacing: 25, separation: 10, salt: 254835856, useValueFromConfiguration: true}
[03:23:01] [main/INFO]: Structure placement for `awesomedungeonocean:ocean_ruin_pillager/start_pool`: { spacing: 25, separation: 10, salt: 254145856, useValueFromConfiguration: true}
[03:23:01] [main/INFO]: Structure placement for `awesomedungeonocean:ocean_ruin_vanilla_temple/start_pool`: { spacing: 25, separation: 10, salt: 25482856, useValueFromConfiguration: true}
[03:23:01] [main/INFO]: Structure placement for `awesomedungeonocean:ocean_temple_quad/start_pool`: { spacing: 25, separation: 10, salt: 35482856, useValueFromConfiguration: true}
[03:23:01] [main/INFO]: Structure placement for `awesomedungeonocean:ocean_the_column_temple/start_pool`: { spacing: 25, separation: 10, salt: 15482856, useValueFromConfiguration: true}
[03:23:01] [main/INFO]: Structure placement for `awesomedungeonocean:ocean_warn_temple/start_pool`: { spacing: 25, separation: 10, salt: 45482856, useValueFromConfiguration: true}
[03:23:01] [main/INFO]: Structure placement for `awesomedungeon:swamp_big_temple/start_pool`: { spacing: 50, separation: 25, salt: 1594763280, useValueFromConfiguration: true}
[03:23:01] [main/INFO]: Structure placement for `awesomedungeon:the_usine/start_pool`: { spacing: 50, separation: 25, salt: 1694767078, useValueFromConfiguration: true}
[03:23:01] [main/INFO]: Structure placement for `awesomedungeon:t_z_tower/start_pool`: { spacing: 50, separation: 25, salt: 1794767078, useValueFromConfiguration: true}
[03:23:01] [main/INFO]: Structure placement for `awesomedungeon:witch_castle/start_pool`: { spacing: 50, separation: 25, salt: 1894776078, useValueFromConfiguration: true}
[03:23:01] [main/INFO]: [bclib] Updating Pickers for BCLib - The End  BiomeSource (ef2ffaa)
[03:23:01] [main/INFO]: [bclib] Unable to build Biome List yet
[03:23:01] [main/INFO]: [bclib] No Void Biomes found. Disabling by using barrens
[03:23:01] [main/INFO]: [bclib] No Barrens Biomes found. Disabling by using land Biomes
[03:23:01] [main/WARN]: [bclib] No Center Island Biomes found. Forcing use of vanilla center.
[03:23:01] [main/INFO]: [bclib] Updating Pickers for BCLib - Nether BiomeSource (78d9daea)
[03:23:01] [main/INFO]: [bclib] Unable to build Biome List yet
[03:23:01] [main/INFO]: [bclib] Updating Pickers for BCLib - The End  BiomeSource (3dfa78eb)
[03:23:01] [main/INFO]: [bclib] Unable to build Biome List yet
[03:23:01] [main/INFO]: [bclib] No Void Biomes found. Disabling by using barrens
[03:23:01] [main/INFO]: [bclib] No Barrens Biomes found. Disabling by using land Biomes
[03:23:01] [main/WARN]: [bclib] No Center Island Biomes found. Forcing use of vanilla center.
[03:23:01] [main/INFO]: [bclib] Updating Pickers for BCLib - Nether BiomeSource (695bd275)
[03:23:01] [main/INFO]: [bclib] Unable to build Biome List yet
[03:23:01] [main/INFO]: [bclib] Updating Pickers for BCLib - The End  BiomeSource (71b3f4f3)
[03:23:01] [main/INFO]: [bclib] Unable to build Biome List yet
[03:23:01] [main/INFO]: [bclib] No Void Biomes found. Disabling by using barrens
[03:23:01] [main/INFO]: [bclib] No Barrens Biomes found. Disabling by using land Biomes
[03:23:01] [main/WARN]: [bclib] No Center Island Biomes found. Forcing use of vanilla center.
[03:23:01] [main/INFO]: [bclib] Updating Pickers for BCLib - Nether BiomeSource (6042c3c3)
[03:23:01] [main/INFO]: [bclib] Unable to build Biome List yet
[03:23:01] [main/INFO]: [bclib] Updating Pickers for BCLib - The End  BiomeSource (577f7119)
[03:23:01] [main/INFO]: [bclib] Unable to build Biome List yet
[03:23:01] [main/INFO]: [bclib] No Void Biomes found. Disabling by using barrens
[03:23:01] [main/INFO]: [bclib] No Barrens Biomes found. Disabling by using land Biomes
[03:23:01] [main/WARN]: [bclib] No Center Island Biomes found. Forcing use of vanilla center.
[03:23:01] [main/INFO]: [bclib] Updating Pickers for BCLib - Nether BiomeSource (39a949cf)
[03:23:01] [main/INFO]: [bclib] Unable to build Biome List yet
[03:23:02] [main/INFO]: [betternether] Freeze Registry[ResourceKey[minecraft:root / worlds_together:worldgen/betterx/surface_rules] (Stable)]
[03:23:02] [main/INFO]: [betternether] Freeze Registry[ResourceKey[minecraft:root / worlds_together:worldgen/betterx/surface_rules] (Stable)]
[03:23:02] [main/INFO]: [betternether] Freeze Registry[ResourceKey[minecraft:root / worlds_together:worldgen/betterx/surface_rules] (Stable)]
[03:23:02] [main/INFO]: [betternether] Freeze Registry[ResourceKey[minecraft:root / worlds_together:worldgen/betterx/surface_rules] (Stable)]
[03:23:02] [main/WARN]: [bclib] No valid BCLBiome Registry available!
[03:23:02] [main/WARN]: [bclib] No valid Biome Registry available!
[03:23:03] [main/WARN]: Adding spell_power:fire to saved/remote registry.
[03:23:03] [main/WARN]: Adding spell_power:frost to saved/remote registry.
[03:23:03] [main/WARN]: Adding spell_power:arcane to saved/remote registry.
[03:23:03] [main/INFO]: [fabric-registry-sync] Loaded registry data [file 1/4]
[03:23:03] [main/INFO]: [bclib] Updating Pickers for BCLib - Nether BiomeSource (26404d3b)
[03:23:03] [main/INFO]: [bclib] Unable to build Biome List yet
[03:23:04] [main/INFO]: [bclib] Updating Pickers for BCLib - The End  BiomeSource (2e052c59)
[03:23:04] [main/INFO]: [bclib] Unable to build Biome List yet
[03:23:04] [main/INFO]: [bclib] No Void Biomes found. Disabling by using barrens
[03:23:04] [main/INFO]: [bclib] No Barrens Biomes found. Disabling by using land Biomes
[03:23:04] [main/WARN]: [bclib] No Center Island Biomes found. Forcing use of vanilla center.
[03:23:04] [main/INFO]: [betternether] Freeze Registry[ResourceKey[minecraft:root / worlds_together:worldgen/betterx/surface_rules] (Stable)]
[03:23:04] [main/INFO]: [betternether] Freeze Registry[ResourceKey[minecraft:root / worlds_together:worldgen/betterx/surface_rules] (Stable)]
[03:23:04] [main/WARN]: Method overwrite conflict for getRolls in emi_loot.mixins.json:LootPoolAccessor from mod emi_loot, previously written by net.fabricmc.fabric.mixin.loot.table.LootPoolMixin. Skipping method.
[03:23:07] [main/INFO]: parsing loot tables
[03:23:07] [main/INFO]: finished parsing loot tables
[03:23:07] [main/INFO]: [bclib] Disabling Recipe: bclib:test_star
[03:23:07] [main/ERROR]: Parsing error loading recipe supplementaries:integration/lapis_bricks_fd
com.google.gson.JsonParseException: An ingredient entry needs either a tag or an item
	at net.minecraft.class_1856.method_8107(class_1856.java:167) ~[server-intermediary.jar:?]
	at net.minecraft.class_1856.method_8102(class_1856.java:143) ~[server-intermediary.jar:?]
	at net.minecraft.class_1856.method_52177(class_1856.java:135) ~[server-intermediary.jar:?]
	at vectorwing.farmersdelight.common.crafting.CuttingBoardRecipe$Serializer.fromJson(CuttingBoardRecipe.java:176) ~[FarmersDelight-1.20.1-2.1.6+refabricated.jar:?]
	at vectorwing.farmersdelight.common.crafting.CuttingBoardRecipe$Serializer.method_8121(CuttingBoardRecipe.java:166) ~[FarmersDelight-1.20.1-2.1.6+refabricated.jar:?]
	at net.minecraft.class_1863.method_17720(class_1863.java:135) ~[server-intermediary.jar:?]
	at net.minecraft.class_1863.method_20705(class_1863.java:56) ~[server-intermediary.jar:?]
	at net.minecraft.class_1863.method_18788(class_1863.java:35) ~[server-intermediary.jar:?]
	at net.minecraft.class_4080.method_18790(class_4080.java:13) ~[server-intermediary.jar:?]
	at java.util.concurrent.CompletableFuture$UniAccept.tryFire(CompletableFuture.java:718) ~[?:?]
	at java.util.concurrent.CompletableFuture$Completion.run(CompletableFuture.java:482) ~[?:?]
	at net.minecraft.class_4014.method_18365(class_4014.java:69) ~[server-intermediary.jar:?]
	at net.minecraft.class_156.method_43498(class_156.java:950) ~[server-intermediary.jar:?]
	at net.minecraft.class_156.method_43499(class_156.java:938) ~[server-intermediary.jar:?]
	at net.minecraft.server.Main.main(Main.java:160) ~[server-intermediary.jar:?]
	at net.fabricmc.loader.impl.game.minecraft.MinecraftGameProvider.launch(MinecraftGameProvider.java:480) ~[fabric-loader-0.16.3.jar:?]
	at net.fabricmc.loader.impl.launch.knot.Knot.launch(Knot.java:74) ~[fabric-loader-0.16.3.jar:?]
	at net.fabricmc.loader.impl.launch.knot.KnotServer.main(KnotServer.java:23) ~[fabric-loader-0.16.3.jar:?]
	at net.fabricmc.loader.impl.launch.server.FabricServerLauncher.main(FabricServerLauncher.java:69) ~[fabric-loader-0.16.3.jar:?]
	at net.fabricmc.installer.ServerLauncher.main(ServerLauncher.java:69) ~[fabric-server-launch.jar:1.0.1]
[03:23:07] [main/ERROR]: Parsing error loading recipe supplementaries:integration/ash_bricks_fd
com.google.gson.JsonParseException: An ingredient entry needs either a tag or an item
	at net.minecraft.class_1856.method_8107(class_1856.java:167) ~[server-intermediary.jar:?]
	at net.minecraft.class_1856.method_8102(class_1856.java:143) ~[server-intermediary.jar:?]
	at net.minecraft.class_1856.method_52177(class_1856.java:135) ~[server-intermediary.jar:?]
	at vectorwing.farmersdelight.common.crafting.CuttingBoardRecipe$Serializer.fromJson(CuttingBoardRecipe.java:176) ~[FarmersDelight-1.20.1-2.1.6+refabricated.jar:?]
	at vectorwing.farmersdelight.common.crafting.CuttingBoardRecipe$Serializer.method_8121(CuttingBoardRecipe.java:166) ~[FarmersDelight-1.20.1-2.1.6+refabricated.jar:?]
	at net.minecraft.class_1863.method_17720(class_1863.java:135) ~[server-intermediary.jar:?]
	at net.minecraft.class_1863.method_20705(class_1863.java:56) ~[server-intermediary.jar:?]
	at net.minecraft.class_1863.method_18788(class_1863.java:35) ~[server-intermediary.jar:?]
	at net.minecraft.class_4080.method_18790(class_4080.java:13) ~[server-intermediary.jar:?]
	at java.util.concurrent.CompletableFuture$UniAccept.tryFire(CompletableFuture.java:718) ~[?:?]
	at java.util.concurrent.CompletableFuture$Completion.run(CompletableFuture.java:482) ~[?:?]
	at net.minecraft.class_4014.method_18365(class_4014.java:69) ~[server-intermediary.jar:?]
	at net.minecraft.class_156.method_43498(class_156.java:950) ~[server-intermediary.jar:?]
	at net.minecraft.class_156.method_43499(class_156.java:938) ~[server-intermediary.jar:?]
	at net.minecraft.server.Main.main(Main.java:160) ~[server-intermediary.jar:?]
	at net.fabricmc.loader.impl.game.minecraft.MinecraftGameProvider.launch(MinecraftGameProvider.java:480) ~[fabric-loader-0.16.3.jar:?]
	at net.fabricmc.loader.impl.launch.knot.Knot.launch(Knot.java:74) ~[fabric-loader-0.16.3.jar:?]
	at net.fabricmc.loader.impl.launch.knot.KnotServer.main(KnotServer.java:23) ~[fabric-loader-0.16.3.jar:?]
	at net.fabricmc.loader.impl.launch.server.FabricServerLauncher.main(FabricServerLauncher.java:69) ~[fabric-loader-0.16.3.jar:?]
	at net.fabricmc.installer.ServerLauncher.main(ServerLauncher.java:69) ~[fabric-server-launch.jar:1.0.1]
[03:23:07] [main/ERROR]: Parsing error loading recipe betterend:guide_book
com.google.gson.JsonSyntaxException: Unknown item 'betterend:guidebook'
	at net.minecraft.class_1869.method_17878(class_1869.java:272) ~[server-intermediary.jar:?]
	at java.util.Optional.orElseThrow(Optional.java:403) ~[?:?]
	at net.minecraft.class_1869.method_8155(class_1869.java:272) ~[server-intermediary.jar:?]
	at net.minecraft.class_1869.method_35228(class_1869.java:259) ~[server-intermediary.jar:?]
	at net.minecraft.class_1869$class_1870.method_8164(class_1869.java:293) ~[server-intermediary.jar:?]
	at net.minecraft.class_1869$class_1870.method_8121(class_1869.java:279) ~[server-intermediary.jar:?]
	at net.minecraft.class_1863.method_17720(class_1863.java:135) ~[server-intermediary.jar:?]
	at net.minecraft.class_1863.method_20705(class_1863.java:56) ~[server-intermediary.jar:?]
	at net.minecraft.class_1863.method_18788(class_1863.java:35) ~[server-intermediary.jar:?]
	at net.minecraft.class_4080.method_18790(class_4080.java:13) ~[server-intermediary.jar:?]
	at java.util.concurrent.CompletableFuture$UniAccept.tryFire(CompletableFuture.java:718) ~[?:?]
	at java.util.concurrent.CompletableFuture$Completion.run(CompletableFuture.java:482) ~[?:?]
	at net.minecraft.class_4014.method_18365(class_4014.java:69) ~[server-intermediary.jar:?]
	at net.minecraft.class_156.method_43498(class_156.java:950) ~[server-intermediary.jar:?]
	at net.minecraft.class_156.method_43499(class_156.java:938) ~[server-intermediary.jar:?]
	at net.minecraft.server.Main.main(Main.java:160) ~[server-intermediary.jar:?]
	at net.fabricmc.loader.impl.game.minecraft.MinecraftGameProvider.launch(MinecraftGameProvider.java:480) ~[fabric-loader-0.16.3.jar:?]
	at net.fabricmc.loader.impl.launch.knot.Knot.launch(Knot.java:74) ~[fabric-loader-0.16.3.jar:?]
	at net.fabricmc.loader.impl.launch.knot.KnotServer.main(KnotServer.java:23) ~[fabric-loader-0.16.3.jar:?]
	at net.fabricmc.loader.impl.launch.server.FabricServerLauncher.main(FabricServerLauncher.java:69) ~[fabric-loader-0.16.3.jar:?]
	at net.fabricmc.installer.ServerLauncher.main(ServerLauncher.java:69) ~[fabric-server-launch.jar:1.0.1]
[03:23:07] [main/ERROR]: Parsing error loading recipe festive_delight:spring_rolls_craft
com.google.gson.JsonSyntaxException: Unknown item 'farmersdelight:wheat_dought'
	at net.minecraft.class_1869.method_17878(class_1869.java:272) ~[server-intermediary.jar:?]
	at java.util.Optional.orElseThrow(Optional.java:403) ~[?:?]
	at net.minecraft.class_1869.method_8155(class_1869.java:272) ~[server-intermediary.jar:?]
	at net.minecraft.class_1856.method_8107(class_1856.java:160) ~[server-intermediary.jar:?]
	at net.minecraft.class_1856.method_8102(class_1856.java:143) ~[server-intermediary.jar:?]
	at net.minecraft.class_1856.method_52177(class_1856.java:135) ~[server-intermediary.jar:?]
	at vectorwing.farmersdelight.common.crafting.CookingPotRecipe$Serializer.readIngredients(CookingPotRecipe.java:202) ~[FarmersDelight-1.20.1-2.1.6+refabricated.jar:?]
	at vectorwing.farmersdelight.common.crafting.CookingPotRecipe$Serializer.fromJson(CookingPotRecipe.java:179) ~[FarmersDelight-1.20.1-2.1.6+refabricated.jar:?]
	at vectorwing.farmersdelight.common.crafting.CookingPotRecipe$Serializer.method_8121(CookingPotRecipe.java:171) ~[FarmersDelight-1.20.1-2.1.6+refabricated.jar:?]
	at net.minecraft.class_1863.method_17720(class_1863.java:135) ~[server-intermediary.jar:?]
	at net.minecraft.class_1863.method_20705(class_1863.java:56) ~[server-intermediary.jar:?]
	at net.minecraft.class_1863.method_18788(class_1863.java:35) ~[server-intermediary.jar:?]
	at net.minecraft.class_4080.method_18790(class_4080.java:13) ~[server-intermediary.jar:?]
	at java.util.concurrent.CompletableFuture$UniAccept.tryFire(CompletableFuture.java:718) ~[?:?]
	at java.util.concurrent.CompletableFuture$Completion.run(CompletableFuture.java:482) ~[?:?]
	at net.minecraft.class_4014.method_18365(class_4014.java:69) ~[server-intermediary.jar:?]
	at net.minecraft.class_156.method_43498(class_156.java:950) ~[server-intermediary.jar:?]
	at net.minecraft.class_156.method_43499(class_156.java:938) ~[server-intermediary.jar:?]
	at net.minecraft.server.Main.main(Main.java:160) ~[server-intermediary.jar:?]
	at net.fabricmc.loader.impl.game.minecraft.MinecraftGameProvider.launch(MinecraftGameProvider.java:480) ~[fabric-loader-0.16.3.jar:?]
	at net.fabricmc.loader.impl.launch.knot.Knot.launch(Knot.java:74) ~[fabric-loader-0.16.3.jar:?]
	at net.fabricmc.loader.impl.launch.knot.KnotServer.main(KnotServer.java:23) ~[fabric-loader-0.16.3.jar:?]
	at net.fabricmc.loader.impl.launch.server.FabricServerLauncher.main(FabricServerLauncher.java:69) ~[fabric-loader-0.16.3.jar:?]
	at net.fabricmc.installer.ServerLauncher.main(ServerLauncher.java:69) ~[fabric-server-launch.jar:1.0.1]
[03:23:07] [main/INFO]: Loaded 18 recipes
[03:23:08] [main/INFO]: Loaded 3633 advancements
[03:23:08] [main/INFO]: Reloading Spawner Rune data...
[03:23:08] [main/WARN]: Could not decode GlobalLootModifier with json id supplementaries:ash_from_burning_mobs - error: Unknown registry key in ResourceKey[minecraft:root / porting_lib:global_loot_modifier_serializers]: moonlight:add_item
[03:23:08] [main/WARN]: Could not decode GlobalLootModifier with json id supplementaries:straw_from_flax - error: Unknown registry key in ResourceKey[minecraft:root / porting_lib:global_loot_modifier_serializers]: moonlight:add_item
[03:23:08] [main/WARN]: Could not decode GlobalLootModifier with json id supplementaries:fishing_antique_ink - error: Unknown registry key in ResourceKey[minecraft:root / porting_lib:global_loot_modifier_serializers]: moonlight:add_item
[03:23:08] [main/WARN]: Could not decode GlobalLootModifier with json id supplementaries:fishing_antique_ink_treasure - error: Unknown registry key in ResourceKey[minecraft:root / porting_lib:global_loot_modifier_serializers]: moonlight:add_item
[03:23:08] [Thread-4/INFO]: Loaded 60 translation keys
[03:23:08] [main/INFO]: Loaded 27 flute songs
[03:23:08] [main/INFO]: Deserializing default trades of profession: villagersplus:alchemist
[03:23:08] [main/INFO]: Deserializing default trades of profession: villagersplus:horticulturist
[03:23:08] [main/INFO]: Deserializing default trades of profession: villagersplus:occultist
[03:23:08] [main/INFO]: Deserializing default trades of profession: villagersplus:oceanographer
[03:23:08] [main/INFO]: Reloading grave shape (server)
[03:23:08] [main/INFO]: Grave model and shape reload successful (server)
[03:23:08] [main/INFO]: Reloading YIGD graveyard data (server)
[03:23:08] [main/INFO]: Graveyard data successfully reloaded (server)
[03:23:08] [main/INFO]: Reloading YIGD grave area overrides (server)
[03:23:08] [main/INFO]: Grave area overrides successfully reloaded (server)
[03:23:08] [main/INFO]: Finished additional setup in 19 ms
[03:23:08] [main/INFO]: Applied 7 data villager trades
[03:23:08] [main/INFO]: Cleared non-static resources for pack supplementaries:generated_pack in: 0 ms
[03:23:08] [main/ERROR]: [worlds_together] Unable to parse Version in jar:file:///workspaces/asdasd/servidor_minecraft/mods/tectonic-fabric-1.20.1-2.4.1b.jar
[03:23:08] [main/INFO]: [bclib] Updating Pickers for BCLib - Nether BiomeSource (26404d3b)
[03:23:08] [main/INFO]: [bclib] Updating Pickers for BCLib - The End  BiomeSource (2e052c59)
[03:23:09] [main/INFO]: Mixing server.MixinDedicatedServer from mixins/common/nochatreports.mixins.json into net.minecraft.class_3176
[03:23:09] [main/INFO]: Mixing server.MixinPlayerList from mixins/common/nochatreports.mixins.json into net.minecraft.class_3324
[03:23:09] [main/INFO]: Applied 2693 biome modifications to 187 of 215 new biomes in 142.4 ms
[03:23:09] [Server thread/INFO]: Loading server config for easyanvils
[03:23:09] [Server thread/INFO]: Loading server config for easymagic
[03:23:09] [Server thread/INFO]: Loading server config for illagerinvasion
[03:23:09] [Server thread/INFO]: Loading server config for puzzlesapi
[03:23:09] [Server thread/INFO]: Async Locator -> Starting locating executor service with thread pool size of 1
[03:23:09] [Server thread/INFO]: Adding waystone fwaystones:village_waystone to village kaisyn:village/flower_forest_japanese/houses
[03:23:09] [Server thread/INFO]: Adding waystone fwaystones:village_waystone to village kaisyn:village/sparse_jungle_polynesian/houses
[03:23:09] [Server thread/INFO]: Adding waystone fwaystones:desert_village_waystone to village ctov:village/desert_oasis/house
[03:23:09] [Server thread/ERROR]: Cannot add to ctov:village/desert_oasis/house as it cannot be found!
[03:23:09] [Server thread/INFO]: Adding waystone fwaystones:village_waystone to village ctov:village/mountain_alpine/house
[03:23:09] [Server thread/ERROR]: Cannot add to ctov:village/mountain_alpine/house as it cannot be found!
[03:23:09] [Server thread/INFO]: Adding waystone fwaystones:village_waystone to village ctov:village/savanna_na/house
[03:23:09] [Server thread/ERROR]: Cannot add to ctov:village/savanna_na/house as it cannot be found!
[03:23:09] [Server thread/INFO]: Adding waystone fwaystones:village_waystone to village ctov:village/swamp/house
[03:23:09] [Server thread/ERROR]: Cannot add to ctov:village/swamp/house as it cannot be found!
[03:23:09] [Server thread/INFO]: Adding waystone fwaystones:village_waystone to village minecraft:village/savanna/houses
[03:23:09] [Server thread/INFO]: Adding waystone fwaystones:village_waystone to village ctov:village/snowy_igloo/house
[03:23:09] [Server thread/ERROR]: Cannot add to ctov:village/snowy_igloo/house as it cannot be found!
[03:23:09] [Server thread/INFO]: Adding waystone fwaystones:village_waystone to village kaisyn:village/badlands_pueblo/houses
[03:23:09] [Server thread/INFO]: Adding waystone fwaystones:village_waystone to village kaisyn:village/exclusives/tudor/houses
[03:23:09] [Server thread/INFO]: Adding waystone fwaystones:village_waystone to village ctov:village/mushroom/house
[03:23:09] [Server thread/ERROR]: Cannot add to ctov:village/mushroom/house as it cannot be found!
[03:23:09] [Server thread/INFO]: Adding waystone fwaystones:village_waystone to village kaisyn:village/exclusives/mediterranean/houses/regular
[03:23:09] [Server thread/INFO]: Adding waystone fwaystones:village_waystone to village kaisyn:village/snowy_slopes_inn/decor
[03:23:09] [Server thread/INFO]: Adding waystone fwaystones:village_waystone to village minecraft:village/taiga/houses
[03:23:09] [Server thread/INFO]: Adding waystone fwaystones:village_waystone to village kaisyn:village/birch_forest_romanian/houses
[03:23:09] [Server thread/INFO]: Adding waystone fwaystones:village_waystone to village kaisyn:village/snowy_taiga_viking/houses
[03:23:09] [Server thread/INFO]: Adding waystone fwaystones:village_waystone to village kaisyn:village/beach_lighthouse/side/cross
[03:23:09] [Server thread/INFO]: Adding waystone fwaystones:red_desert_village_waystone to village ctov:village/mesa_fortified/house
[03:23:09] [Server thread/ERROR]: Cannot add to ctov:village/mesa_fortified/house as it cannot be found!
[03:23:09] [Server thread/INFO]: Adding waystone fwaystones:village_waystone to village kaisyn:village/mushroom_fields_fantasy/houses
[03:23:09] [Server thread/INFO]: Adding waystone fwaystones:village_waystone to village kaisyn:village/old_growth_taiga_polish/houses
[03:23:09] [Server thread/INFO]: Adding waystone fwaystones:desert_village_waystone to village ctov:village/desert/house
[03:23:09] [Server thread/ERROR]: Cannot add to ctov:village/desert/house as it cannot be found!
[03:23:09] [Server thread/INFO]: Adding waystone fwaystones:village_waystone to village kaisyn:village/exclusives/rustic/houses
[03:23:09] [Server thread/INFO]: Adding waystone fwaystones:desert_village_waystone to village minecraft:village/desert/houses
[03:23:09] [Server thread/INFO]: Adding waystone fwaystones:village_waystone to village ctov:village/savanna/house
[03:23:09] [Server thread/ERROR]: Cannot add to ctov:village/savanna/house as it cannot be found!
[03:23:09] [Server thread/INFO]: Adding waystone fwaystones:desert_village_waystone to village ctov:village/beach/house
[03:23:09] [Server thread/ERROR]: Cannot add to ctov:village/beach/house as it cannot be found!
[03:23:09] [Server thread/INFO]: Adding waystone fwaystones:village_waystone to village kaisyn:village/swamp_boat/houses
[03:23:09] [Server thread/INFO]: Adding waystone fwaystones:village_waystone to village minecraft:village/plains/houses
[03:23:09] [Server thread/INFO]: Adding waystone fwaystones:village_waystone to village kaisyn:village/sunflower_plains_farm/side/farms
[03:23:09] [Server thread/INFO]: Adding waystone fwaystones:village_waystone to village ctov:village/taiga/house
[03:23:09] [Server thread/ERROR]: Cannot add to ctov:village/taiga/house as it cannot be found!
[03:23:09] [Server thread/INFO]: Adding waystone fwaystones:red_desert_village_waystone to village ctov:village/mesa/house
[03:23:09] [Server thread/ERROR]: Cannot add to ctov:village/mesa/house as it cannot be found!
[03:23:09] [Server thread/INFO]: Adding waystone fwaystones:village_waystone to village kaisyn:village/grove_villager_outpost/decor
[03:23:09] [Server thread/INFO]: Adding waystone fwaystones:village_waystone to village kaisyn:village/meadow_swiss/houses
[03:23:09] [Server thread/INFO]: Adding waystone fwaystones:mossy_stone_brick_village_waystone to village ctov:village/jungle/house
[03:23:09] [Server thread/ERROR]: Cannot add to ctov:village/jungle/house as it cannot be found!
[03:23:09] [Server thread/INFO]: Adding waystone fwaystones:village_waystone to village ctov:village/mountain/house
[03:23:09] [Server thread/ERROR]: Cannot add to ctov:village/mountain/house as it cannot be found!
[03:23:09] [Server thread/INFO]: Adding waystone fwaystones:village_waystone to village ctov:village/halloween/house
[03:23:09] [Server thread/ERROR]: Cannot add to ctov:village/halloween/house as it cannot be found!
[03:23:09] [Server thread/INFO]: Adding waystone fwaystones:village_waystone to village kaisyn:village/jungle_tribal/houses
[03:23:09] [Server thread/INFO]: Adding waystone fwaystones:village_waystone to village kaisyn:village/exclusives/iberian/houses
[03:23:09] [Server thread/INFO]: Adding waystone fwaystones:village_waystone to village ctov:village/christmas/house
[03:23:09] [Server thread/ERROR]: Cannot add to ctov:village/christmas/house as it cannot be found!
[03:23:09] [Server thread/INFO]: Adding waystone fwaystones:village_waystone to village minecraft:village/snowy/houses
[03:23:09] [Server thread/INFO]: Adding waystone fwaystones:village_waystone to village ctov:village/plains/house
[03:23:09] [Server thread/ERROR]: Cannot add to ctov:village/plains/house as it cannot be found!
[03:23:09] [Server thread/INFO]: Adding waystone fwaystones:village_waystone to village ctov:village/swamp_fortified/house
[03:23:09] [Server thread/ERROR]: Cannot add to ctov:village/swamp_fortified/house as it cannot be found!
[03:23:09] [Server thread/INFO]: Adding waystone fwaystones:village_waystone to village ctov:village/plains_fortified/house
[03:23:09] [Server thread/ERROR]: Cannot add to ctov:village/plains_fortified/house as it cannot be found!
[03:23:09] [Server thread/INFO]: Adding waystone fwaystones:village_waystone to village ctov:village/taiga_fortified/house
[03:23:09] [Server thread/ERROR]: Cannot add to ctov:village/taiga_fortified/house as it cannot be found!
[03:23:09] [Server thread/INFO]: Adding waystone fwaystones:village_waystone to village kaisyn:village/exclusives/swedish/houses
[03:23:09] [Server thread/INFO]: Adding waystone fwaystones:mossy_stone_brick_village_waystone to village ctov:village/jungle_tree/house
[03:23:09] [Server thread/ERROR]: Cannot add to ctov:village/jungle_tree/house as it cannot be found!
[03:23:09] [Server thread/INFO]: Starting background profiler...
[03:23:09] [pool-2-thread-1/INFO]: Reloading server config for easyanvils
[03:23:09] [pool-2-thread-1/INFO]: Reloading server config for easymagic
[03:23:09] [pool-2-thread-1/INFO]: Reloading server config for illagerinvasion
[03:23:09] [pool-2-thread-1/INFO]: Reloading server config for puzzlesapi
[03:23:10] [Server thread/INFO]: [STDOUT]: Encoded SpellRegistry size (with package overhead): 109807 bytes (in 11 string chunks with the size of 10000)
[03:23:10] [Server thread/INFO]: Starting minecraft server version 1.20.1
[03:23:10] [Server thread/INFO]: Loading properties
[03:23:10] [Server thread/INFO]: Default game type: SURVIVAL
[03:23:10] [Server thread/INFO]: Generating keypair
[03:23:10] [Server thread/INFO]: Starting Minecraft server on *:25565
[03:23:10] [Server thread/INFO]: Using epoll channel type
[03:23:10] [e4mc_minecraft-init/INFO]: req: https://broker.e4mc.link/getBestRelay GET
[03:23:10] [Server thread/INFO]: Using epoll channel type
[03:23:10] [Server thread/WARN]: **** SERVER IS RUNNING IN OFFLINE/INSECURE MODE!
[03:23:10] [Server thread/WARN]: The server will make no attempt to authenticate usernames. Beware.
[03:23:10] [Server thread/WARN]: While this makes the game possible to play without internet access, it also opens up the ability for hackers to connect with any username they choose.
[03:23:10] [Server thread/WARN]: To change this, set "online-mode" to "true" in the server.properties file.
[03:23:10] [Server thread/INFO]: [betternether] Freeze Registry[ResourceKey[minecraft:root / worlds_together:worldgen/betterx/surface_rules] (Stable)]
[03:23:10] [Server thread/INFO]: Preparing level "world"
[03:23:10] [Server thread/INFO]: [bclib] 
Apply Modifications for minecells:promenade
    class_1992 (598ccd95)
        biomes     = 1
        namespaces = minecells(1)
[03:23:10] [Server thread/INFO]: [bclib] 
Apply Modifications for minecells:ramparts
    class_1992 (15cd2eca)
        biomes     = 1
        namespaces = minecells(1)
[03:23:10] [Server thread/INFO]: [bclib] 
Apply Modifications for minecraft:the_nether
    BCLib - Nether BiomeSource (26404d3b)
        biomes     = 27
        namespaces = minecraft(5), betternether(22)
        seed       = -2875270420564681264
        height     = 128
        config     = BCLibNetherBiomeSourceConfig{mapVersion=hex, useVerticalBiomes=true, amplified=false, biomeSize=256, biomeSizeVertical=86}
[03:23:10] [Server thread/INFO]: [bclib] 
Apply Modifications for minecells:black_bridge
    class_1992 (f3426c7)
        biomes     = 1
        namespaces = minecells(1)
[03:23:10] [Server thread/INFO]: [bclib] 
Apply Modifications for minecraft:the_end
    BCLib - The End  BiomeSource (2e052c59)
        biomes     = 24
        namespaces = betterend(19), minecraft(5)
        seed       = -2875270420564681264
        height     = 128
        deciders   = 0
        config     = BCLEndBiomeSourceConfig{mapVersion=hex, generatorVersion=vanilla, withVoidBiomes=true, innerVoidRadiusSquared=1048576, voidBiomesSize=256, centerBiomesSize=256, landBiomesSize=256, barrensBiomesSize=256}
[03:23:10] [Server thread/INFO]: [bclib] 
Apply Modifications for minecraft:overworld
    class_4766 (3235ff02)
        biomes     = 147
        namespaces = minecraft(53), terralith(94)
[03:23:10] [Server thread/INFO]: [bclib] 
Apply Modifications for minecells:insufferable_crypt
    class_1992 (39f5a5fd)
        biomes     = 1
        namespaces = minecells(1)
[03:23:10] [Server thread/INFO]: [bclib] 
Apply Modifications for graveyard:past
    class_4766 (60b54ccc)
        biomes     = 53
        namespaces = minecraft(53)
[03:23:10] [Server thread/INFO]: [bclib] 
Apply Modifications for minecells:prison
    class_1992 (279d7980)
        biomes     = 1
        namespaces = minecells(1)
[03:23:10] [Server thread/INFO]: [bclib] World Dimensions: 
 - minecells:promenade: 
     net.minecraft.class_3754@32a9c754 
     class_1992 (598ccd95)
         biomes     = 1
         namespaces = minecells(1)
 - minecells:ramparts: 
     net.minecraft.class_3754@8f44fb7 
     class_1992 (15cd2eca)
         biomes     = 1
         namespaces = minecells(1)
 - minecraft:the_nether: 
     BCLib - Chunk Generator (3c138593) 
     BCLib - Nether BiomeSource (26404d3b)
         biomes     = 27
         namespaces = minecraft(5), betternether(22)
         seed       = -2875270420564681264
         height     = 128
         config     = BCLibNetherBiomeSourceConfig{mapVersion=hex, useVerticalBiomes=true, amplified=false, biomeSize=256, biomeSizeVertical=86}
 - minecells:black_bridge: 
     net.minecraft.class_2897@73dac269 
     class_1992 (f3426c7)
         biomes     = 1
         namespaces = minecells(1)
 - minecraft:the_end: 
     BCLib - Chunk Generator (122acfc9) 
     BCLib - The End  BiomeSource (2e052c59)
         biomes     = 24
         namespaces = betterend(19), minecraft(5)
         seed       = -2875270420564681264
         height     = 128
         deciders   = 0
         config     = BCLEndBiomeSourceConfig{mapVersion=hex, generatorVersion=vanilla, withVoidBiomes=true, innerVoidRadiusSquared=1048576, voidBiomesSize=256, centerBiomesSize=256, landBiomesSize=256, barrensBiomesSize=256}
 - minecraft:overworld: 
     net.minecraft.class_3754@1c19f59d 
     class_4766 (3235ff02)
         biomes     = 147
         namespaces = minecraft(53), terralith(94)
 - minecells:insufferable_crypt: 
     net.minecraft.class_2897@7d65618d 
     class_1992 (39f5a5fd)
         biomes     = 1
         namespaces = minecells(1)
 - graveyard:past: 
     net.minecraft.class_3754@3353e85a 
     class_4766 (60b54ccc)
         biomes     = 53
         namespaces = minecraft(53)
 - minecells:prison: 
     net.minecraft.class_2897@71a21df7 
     class_1992 (279d7980)
         biomes     = 1
         namespaces = minecells(1)
[03:23:11] [Server thread/INFO]: [bclib] Merged 22 additional Surface Rules for 
BCLib - Nether BiomeSource (26404d3b)
    biomes     = 27
    namespaces = minecraft(5), betternether(22)
    seed       = -2875270420564681264
    height     = 128
    config     = BCLibNetherBiomeSourceConfig{mapVersion=hex, useVerticalBiomes=true, amplified=false, biomeSize=256, biomeSizeVertical=86} => 74
[03:23:11] [Server thread/INFO]: [bclib] Merged 19 additional Surface Rules for 
BCLib - The End  BiomeSource (2e052c59)
    biomes     = 24
    namespaces = betterend(19), minecraft(5)
    seed       = -2875270420564681264
    height     = 128
    deciders   = 0
    config     = BCLEndBiomeSourceConfig{mapVersion=hex, generatorVersion=vanilla, withVoidBiomes=true, innerVoidRadiusSquared=1048576, voidBiomesSize=256, centerBiomesSize=256, landBiomesSize=256, barrensBiomesSize=256} => 20
[03:23:11] [e4mc_minecraft-init/INFO]: resp: (GET https://broker.e4mc.link/getBestRelay) 200
[03:23:11] [e4mc_minecraft-init/INFO]: using relay na
[03:23:12] [nioEventLoopGroup-2-1/INFO]: control channel open: [id: 0x502f0836, QuicStreamAddress{streamId=0}]
[03:23:12] [nioEventLoopGroup-2-1/INFO]: control channel write complete
[03:23:12] [nioEventLoopGroup-2-1/WARN]: e4mc running on Dedicated Server; This works, but isn't recommended as e4mc is designed for short-lived LAN servers
[03:23:12] [nioEventLoopGroup-2-1/INFO]: Domain assigned: shoulder-pole.na.e4mc.link
[03:23:13] [Server thread/INFO]: Preparing start region for dimension minecraft:overworld
[03:23:13] [Server thread/WARN]: Method overwrite conflict for removeIf in modernfix-common.mixins.json:bugfix.paper_chunk_patches.SortedArraySetMixin from mod modernfix, previously written by me.jellysquid.mods.lithium.mixin.world.chunk_tickets.SortedArraySetMixin. Skipping method.
[03:23:17] [Server thread/INFO]: Preparing spawn area: 0%
[03:23:17] [Server thread/INFO]: Preparing spawn area: 0%
[03:23:17] [Server thread/INFO]: Preparing spawn area: 0%
[03:23:17] [Server thread/INFO]: Preparing spawn area: 0%
[03:23:17] [Server thread/INFO]: Preparing spawn area: 0%
[03:23:17] [Server thread/INFO]: Preparing spawn area: 0%
[03:23:17] [Server thread/INFO]: Preparing spawn area: 0%
[03:23:17] [Server thread/INFO]: Preparing spawn area: 0%
[03:23:17] [Server thread/INFO]: Preparing spawn area: 0%
[03:23:17] [Server thread/INFO]: Preparing spawn area: 0%
[03:23:18] [Server thread/INFO]: Preparing spawn area: 0%
[03:23:19] [Server thread/INFO]: Time elapsed: 6620 ms
[03:23:19] [Server thread/INFO]: Done (9.012s)! For help, type "help"
[03:23:19] [Server thread/WARN]: Dedicated server took 51.922 seconds to load
[03:23:20] [Server thread/INFO]: Encoded Weapon Attribute registry size (with package overhead): 89924 bytes (in 9 string chunks with the size of 10000)
[03:23:20] [Server thread/INFO]: Loaded config for: dragonfight.json
[03:23:20] [Server thread/INFO]: Loaded config for: biomemusic.json
[03:23:20] [Server thread/INFO]: [STDOUT]: PREPARING FOR RELOAD
[03:23:20] [Server thread/INFO]: Start loading plugin from Jade
[03:23:20] [Server thread/INFO]: Start loading plugin from Jade
[03:23:20] [Server thread/INFO]: Start loading plugin from Jade
[03:23:20] [Server thread/INFO]: Start loading plugin from Jade Addons
[03:23:20] [Server thread/INFO]: Start loading plugin from Supplementaries
[03:23:20] [Server thread/INFO]: Mixing common.MixinServerStatus from mixins/common/nochatreports.mixins.json into net.minecraft.class_2926
[03:23:20] [Server thread/INFO]: Loading Xaero's Minimap - Stage 2/2 (Server)
[03:23:20] [Server thread/INFO]: Loading Xaero's World Map - Stage 2/2 (Server)
[03:23:22] [Server thread/WARN]: Can't keep up! Is the server overloaded? Running 2036ms or 40 ticks behind
